<?xml version="1.0" encoding="UTF-8"?>
<testsuites>
  <testsuite name="Pantheon">
    <testcase name="${type}">${message}</testcase>
  </testsuite>
</testsuites>
